<?xml version="1.0" encoding="UTF-8"?>
<!-- Generated by org.testng.reporters.JUnitXMLReporter -->
<testsuite ignored="0" hostname="Imperetors" failures="1" tests="1" name="test" time="20.113" errors="0" timestamp="2024-09-25T11:44:30 EDT">
  <testcase classname="testCases.TC002_LoginTest" name="verify_login" time="12.002">
    <failure type="java.lang.AssertionError" message="Heading does not match expected [true] but found [false]">
      <![CDATA[java.lang.AssertionError: Heading does not match expected [true] but found [false]
at testCases.TC002_LoginTest.verify_login(TC002_LoginTest.java:32)
at java.base/java.util.ArrayList.forEach(ArrayList.java:1597)
... Removed 28 stack frames]]>
    </failure>
  </testcase> <!-- verify_login -->
</testsuite> <!-- test -->
