<?xml version="1.0" encoding="UTF-8"?>
<testng-results ignored="0" total="2" passed="2" failed="0" skipped="0">
  <reporter-output>
  </reporter-output>
  <suite started-at="2024-10-01T17:13:44 EDT" name="Master Suite" finished-at="2024-10-01T17:14:01 EDT" duration-ms="17731">
    <groups>
      <group name="Master">
        <method signature="TC001_AccountRegistrationTest.verify_account_registration()[pri:0, instance:testCases.TC001_AccountRegistrationTest@368247b9]" name="verify_account_registration" class="testCases.TC001_AccountRegistrationTest"/>
        <method signature="TC002_LoginTest.verify_login()[pri:0, instance:testCases.TC002_LoginTest@d86a6f]" name="verify_login" class="testCases.TC002_LoginTest"/>
      </group> <!-- Master -->
      <group name="Sanity">
        <method signature="TC002_LoginTest.verify_login()[pri:0, instance:testCases.TC002_LoginTest@d86a6f]" name="verify_login" class="testCases.TC002_LoginTest"/>
      </group> <!-- Sanity -->
      <group name="Regression">
        <method signature="TC001_AccountRegistrationTest.verify_account_registration()[pri:0, instance:testCases.TC001_AccountRegistrationTest@368247b9]" name="verify_account_registration" class="testCases.TC001_AccountRegistrationTest"/>
      </group> <!-- Regression -->
    </groups>
    <test started-at="2024-10-01T17:13:44 EDT" name="test" finished-at="2024-10-01T17:14:01 EDT" duration-ms="17731">
      <class name="testCases.TC002_LoginTest">
        <test-method is-config="true" signature="setup(java.lang.String,java.lang.String)[pri:0, instance:testCases.TC002_LoginTest@d86a6f]" started-at="2024-10-01T17:13:56 EDT" name="setup" finished-at="2024-10-01T17:13:59 EDT" duration-ms="3661" status="PASS">
          <params>
            <param index="0">
              <value>
                <![CDATA[windows]]>
              </value>
            </param>
            <param index="1">
              <value>
                <![CDATA[chrome]]>
              </value>
            </param>
          </params>
          <reporter-output>
          </reporter-output>
        </test-method> <!-- setup -->
        <test-method signature="verify_login()[pri:0, instance:testCases.TC002_LoginTest@d86a6f]" started-at="2024-10-01T17:13:59 EDT" name="verify_login" finished-at="2024-10-01T17:14:01 EDT" duration-ms="1870" status="PASS">
          <reporter-output>
          </reporter-output>
        </test-method> <!-- verify_login -->
        <test-method is-config="true" signature="tearDOwn()[pri:0, instance:testCases.TC002_LoginTest@d86a6f]" started-at="2024-10-01T17:14:01 EDT" name="tearDOwn" finished-at="2024-10-01T17:14:01 EDT" duration-ms="137" status="PASS">
          <reporter-output>
          </reporter-output>
        </test-method> <!-- tearDOwn -->
      </class> <!-- testCases.TC002_LoginTest -->
      <class name="testCases.TC001_AccountRegistrationTest">
        <test-method is-config="true" signature="setup(java.lang.String,java.lang.String)[pri:0, instance:testCases.TC001_AccountRegistrationTest@368247b9]" started-at="2024-10-01T17:13:44 EDT" name="setup" finished-at="2024-10-01T17:13:52 EDT" duration-ms="7967" status="PASS">
          <params>
            <param index="0">
              <value>
                <![CDATA[windows]]>
              </value>
            </param>
            <param index="1">
              <value>
                <![CDATA[chrome]]>
              </value>
            </param>
          </params>
          <reporter-output>
          </reporter-output>
        </test-method> <!-- setup -->
        <test-method signature="verify_account_registration()[pri:0, instance:testCases.TC001_AccountRegistrationTest@368247b9]" started-at="2024-10-01T17:13:52 EDT" name="verify_account_registration" finished-at="2024-10-01T17:13:56 EDT" duration-ms="3633" status="PASS">
          <reporter-output>
          </reporter-output>
        </test-method> <!-- verify_account_registration -->
        <test-method is-config="true" signature="tearDOwn()[pri:0, instance:testCases.TC001_AccountRegistrationTest@368247b9]" started-at="2024-10-01T17:13:56 EDT" name="tearDOwn" finished-at="2024-10-01T17:13:56 EDT" duration-ms="157" status="PASS">
          <reporter-output>
          </reporter-output>
        </test-method> <!-- tearDOwn -->
      </class> <!-- testCases.TC001_AccountRegistrationTest -->
    </test> <!-- test -->
  </suite> <!-- Master Suite -->
</testng-results>
